Configuring basement-0.0.2...
Building basement-0.0.2...
Preprocessing library basement-0.0.2...
[ 1 of 69] Compiling Basement.Compat.PrimTypes ( Basement/Compat/PrimTypes.hs, dist/dist-sandbox-8f438e40/build/Basement/Compat/PrimTypes.o )
[ 2 of 69] Compiling Basement.Compat.CallStack ( Basement/Compat/CallStack.hs, dist/dist-sandbox-8f438e40/build/Basement/Compat/CallStack.o )
[ 3 of 69] Compiling Basement.Compat.Typeable ( Basement/Compat/Typeable.hs, dist/dist-sandbox-8f438e40/build/Basement/Compat/Typeable.o )
[ 4 of 69] Compiling Basement.Compat.Bifunctor ( Basement/Compat/Bifunctor.hs, dist/dist-sandbox-8f438e40/build/Basement/Compat/Bifunctor.o )
[ 5 of 69] Compiling Basement.Compat.Primitive ( Basement/Compat/Primitive.hs, dist/dist-sandbox-8f438e40/build/Basement/Compat/Primitive.o )
[ 6 of 69] Compiling Basement.Numerical.Conversion ( Basement/Numerical/Conversion.hs, dist/dist-sandbox-8f438e40/build/Basement/Numerical/Conversion.o )
[ 7 of 69] Compiling Basement.Base16  ( Basement/Base16.hs, dist/dist-sandbox-8f438e40/build/Basement/Base16.o )
[ 8 of 69] Compiling Basement.Compat.Natural ( Basement/Compat/Natural.hs, dist/dist-sandbox-8f438e40/build/Basement/Compat/Natural.o )
[ 9 of 69] Compiling Basement.Compat.NumLiteral ( Basement/Compat/NumLiteral.hs, dist/dist-sandbox-8f438e40/build/Basement/Compat/NumLiteral.o )
[10 of 69] Compiling Basement.Compat.IsList ( Basement/Compat/IsList.hs, dist/dist-sandbox-8f438e40/build/Basement/Compat/IsList.o )
[11 of 69] Compiling Basement.Compat.Base ( Basement/Compat/Base.hs, dist/dist-sandbox-8f438e40/build/Basement/Compat/Base.o )
[12 of 69] Compiling Basement.Types.Char7 ( Basement/Types/Char7.hs, dist/dist-sandbox-8f438e40/build/Basement/Types/Char7.o )
[13 of 69] Compiling Basement.Endianness ( Basement/Endianness.hs, dist/dist-sandbox-8f438e40/build/Basement/Endianness.o )
[14 of 69] Compiling Basement.Monad   ( Basement/Monad.hs, dist/dist-sandbox-8f438e40/build/Basement/Monad.o )
[15 of 69] Compiling Basement.Numerical.Number ( Basement/Numerical/Number.hs, dist/dist-sandbox-8f438e40/build/Basement/Numerical/Number.o )
[16 of 69] Compiling Basement.Types.Word128 ( Basement/Types/Word128.hs, dist/dist-sandbox-8f438e40/build/Basement/Types/Word128.o )
[17 of 69] Compiling Basement.Types.Word256 ( Basement/Types/Word256.hs, dist/dist-sandbox-8f438e40/build/Basement/Types/Word256.o )
[18 of 69] Compiling Basement.Numerical.Additive ( Basement/Numerical/Additive.hs, dist/dist-sandbox-8f438e40/build/Basement/Numerical/Additive.o )
[19 of 69] Compiling Basement.Numerical.Multiplicative ( Basement/Numerical/Multiplicative.hs, dist/dist-sandbox-8f438e40/build/Basement/Numerical/Multiplicative.o )
[20 of 69] Compiling Basement.IntegralConv ( Basement/IntegralConv.hs, dist/dist-sandbox-8f438e40/build/Basement/IntegralConv.o )
[21 of 69] Compiling Basement.Numerical.Subtractive ( Basement/Numerical/Subtractive.hs, dist/dist-sandbox-8f438e40/build/Basement/Numerical/Subtractive.o )
[22 of 69] Compiling Basement.Types.OffsetSize ( Basement/Types/OffsetSize.hs, dist/dist-sandbox-8f438e40/build/Basement/Types/OffsetSize.o )

Basement/Types/OffsetSize.hs:232:1: Warning:
    Pattern match(es) are overlapped
    In an equation for ‘sizeOfCSSize’:
        sizeOfCSSize (CSsize (I64# sz)) = ...
[23 of 69] Compiling Basement.PrimType ( Basement/PrimType.hs, dist/dist-sandbox-8f438e40/build/Basement/PrimType.o )

Basement/PrimType.hs:672:1: Warning:
    SPECIALISE pragma on INLINE function probably won't fire: ‘offsetInBytes’

Basement/PrimType.hs:673:1: Warning:
    SPECIALISE pragma on INLINE function probably won't fire: ‘offsetInBytes’

Basement/PrimType.hs:674:1: Warning:
    SPECIALISE pragma on INLINE function probably won't fire: ‘offsetInBytes’

Basement/PrimType.hs:680:1: Warning:
    SPECIALISE pragma on INLINE function probably won't fire: ‘offsetInBytes’

Basement/PrimType.hs:681:1: Warning:
    SPECIALISE pragma on INLINE function probably won't fire: ‘offsetInBytes’

Basement/PrimType.hs:682:1: Warning:
    SPECIALISE pragma on INLINE function probably won't fire: ‘offsetInBytes’

Basement/PrimType.hs:700:1: Warning:
    SPECIALISE pragma on INLINE function probably won't fire: ‘offsetIsAligned’
[24 of 69] Compiling Basement.Bindings.Memory ( Basement/Bindings/Memory.hs, dist/dist-sandbox-8f438e40/build/Basement/Bindings/Memory.o )
[25 of 69] Compiling Basement.Exception ( Basement/Exception.hs, dist/dist-sandbox-8f438e40/build/Basement/Exception.o )
[26 of 69] Compiling Basement.Alg.Native.Prim ( Basement/Alg/Native/Prim.hs, dist/dist-sandbox-8f438e40/build/Basement/Alg/Native/Prim.o )
[27 of 69] Compiling Basement.Alg.Foreign.Prim ( Basement/Alg/Foreign/Prim.hs, dist/dist-sandbox-8f438e40/build/Basement/Alg/Foreign/Prim.o )
[28 of 69] Compiling Basement.Types.Ptr ( Basement/Types/Ptr.hs, dist/dist-sandbox-8f438e40/build/Basement/Types/Ptr.o )
[29 of 69] Compiling Basement.Compat.MonadTrans ( Basement/Compat/MonadTrans.hs, dist/dist-sandbox-8f438e40/build/Basement/Compat/MonadTrans.o )
[30 of 69] Compiling Basement.MutableBuilder ( Basement/MutableBuilder.hs, dist/dist-sandbox-8f438e40/build/Basement/MutableBuilder.o )
[31 of 69] Compiling Basement.FinalPtr ( Basement/FinalPtr.hs, dist/dist-sandbox-8f438e40/build/Basement/FinalPtr.o )
[32 of 69] Compiling Basement.Nat     ( Basement/Nat.hs, dist/dist-sandbox-8f438e40/build/Basement/Nat.o )
[33 of 69] Compiling Basement.NonEmpty ( Basement/NonEmpty.hs, dist/dist-sandbox-8f438e40/build/Basement/NonEmpty.o )
[34 of 69] Compiling Basement.NormalForm ( Basement/NormalForm.hs, dist/dist-sandbox-8f438e40/build/Basement/NormalForm.o )
[35 of 69] Compiling Basement.These   ( Basement/These.hs, dist/dist-sandbox-8f438e40/build/Basement/These.o )
[36 of 69] Compiling Basement.Compat.ExtList ( Basement/Compat/ExtList.hs, dist/dist-sandbox-8f438e40/build/Basement/Compat/ExtList.o )
[37 of 69] Compiling Basement.Block.Base ( Basement/Block/Base.hs, dist/dist-sandbox-8f438e40/build/Basement/Block/Base.o )

Basement/Block/Base.hs:78:5: Warning:
    Pattern match(es) are overlapped
    In a case alternative: (I# szBits) -> ...

Basement/Block/Base.hs:82:1: Warning:
    SPECIALISE pragma on INLINE function probably won't fire: ‘length’

Basement/Block/Base.hs:109:1: Warning:
    SPECIALISE pragma on INLINE function probably won't fire: ‘unsafeIndex’
[38 of 69] Compiling Basement.Block.Mutable ( Basement/Block/Mutable.hs, dist/dist-sandbox-8f438e40/build/Basement/Block/Mutable.o )
[39 of 69] Compiling Basement.Alg.Native.PrimArray ( Basement/Alg/Native/PrimArray.hs, dist/dist-sandbox-8f438e40/build/Basement/Alg/Native/PrimArray.o )
[40 of 69] Compiling Basement.Block   ( Basement/Block.hs, dist/dist-sandbox-8f438e40/build/Basement/Block.o )
[41 of 69] Compiling Basement.Alg.Foreign.PrimArray ( Basement/Alg/Foreign/PrimArray.hs, dist/dist-sandbox-8f438e40/build/Basement/Alg/Foreign/PrimArray.o )
[42 of 69] Compiling Basement.Floating ( Basement/Floating.hs, dist/dist-sandbox-8f438e40/build/Basement/Floating.o )
[43 of 69] Compiling Basement.UTF8.Table ( Basement/UTF8/Table.hs, dist/dist-sandbox-8f438e40/build/Basement/UTF8/Table.o )
[44 of 69] Compiling Basement.UTF8.Helper ( Basement/UTF8/Helper.hs, dist/dist-sandbox-8f438e40/build/Basement/UTF8/Helper.o )
[45 of 69] Compiling Basement.UTF8.Types ( Basement/UTF8/Types.hs, dist/dist-sandbox-8f438e40/build/Basement/UTF8/Types.o )
[46 of 69] Compiling Basement.Alg.Native.UTF8 ( Basement/Alg/Native/UTF8.hs, dist/dist-sandbox-8f438e40/build/Basement/Alg/Native/UTF8.o )
[47 of 69] Compiling Basement.Alg.Foreign.UTF8 ( Basement/Alg/Foreign/UTF8.hs, dist/dist-sandbox-8f438e40/build/Basement/Alg/Foreign/UTF8.o )
[48 of 69] Compiling Basement.Alg.Native.String ( Basement/Alg/Native/String.hs, dist/dist-sandbox-8f438e40/build/Basement/Alg/Native/String.o )
[49 of 69] Compiling Basement.Alg.Foreign.String ( Basement/Alg/Foreign/String.hs, dist/dist-sandbox-8f438e40/build/Basement/Alg/Foreign/String.o )
[50 of 69] Compiling Basement.Bounded ( Basement/Bounded.hs, dist/dist-sandbox-8f438e40/build/Basement/Bounded.o )
[51 of 69] Compiling Basement.Compat.Identity ( Basement/Compat/Identity.hs, dist/dist-sandbox-8f438e40/build/Basement/Compat/Identity.o )
[52 of 69] Compiling Basement.Runtime ( Basement/Runtime.hs, dist/dist-sandbox-8f438e40/build/Basement/Runtime.o )
[53 of 69] Compiling Basement.UArray.Base ( Basement/UArray/Base.hs, dist/dist-sandbox-8f438e40/build/Basement/UArray/Base.o )
[54 of 69] Compiling Basement.BoxedArray ( Basement/BoxedArray.hs, dist/dist-sandbox-8f438e40/build/Basement/BoxedArray.o )
[55 of 69] Compiling Basement.UArray.Mutable ( Basement/UArray/Mutable.hs, dist/dist-sandbox-8f438e40/build/Basement/UArray/Mutable.o )
[56 of 69] Compiling Basement.UArray  ( Basement/UArray.hs, dist/dist-sandbox-8f438e40/build/Basement/UArray.o )

Basement/UArray.hs:333:1: Warning:
    SPECIALISE pragma on INLINE function probably won't fire: ‘unsafeRecast’
[57 of 69] Compiling Basement.Types.AsciiString ( Basement/Types/AsciiString.hs, dist/dist-sandbox-8f438e40/build/Basement/Types/AsciiString.o )
[58 of 69] Compiling Basement.UTF8.Base ( Basement/UTF8/Base.hs, dist/dist-sandbox-8f438e40/build/Basement/UTF8/Base.o )
[59 of 69] Compiling Basement.Error   ( Basement/Error.hs, dist/dist-sandbox-8f438e40/build/Basement/Error.o )
[60 of 69] Compiling Basement.Show    ( Basement/Show.hs, dist/dist-sandbox-8f438e40/build/Basement/Show.o )
[61 of 69] Compiling Basement.Environment ( Basement/Environment.hs, dist/dist-sandbox-8f438e40/build/Basement/Environment.o )
[62 of 69] Compiling Basement.String.Encoding.Encoding ( Basement/String/Encoding/Encoding.hs, dist/dist-sandbox-8f438e40/build/Basement/String/Encoding/Encoding.o )
[63 of 69] Compiling Basement.String.Encoding.ASCII7 ( Basement/String/Encoding/ASCII7.hs, dist/dist-sandbox-8f438e40/build/Basement/String/Encoding/ASCII7.o )
[64 of 69] Compiling Basement.String.Encoding.UTF16 ( Basement/String/Encoding/UTF16.hs, dist/dist-sandbox-8f438e40/build/Basement/String/Encoding/UTF16.o )
[65 of 69] Compiling Basement.String.Encoding.UTF32 ( Basement/String/Encoding/UTF32.hs, dist/dist-sandbox-8f438e40/build/Basement/String/Encoding/UTF32.o )
[66 of 69] Compiling Basement.String.Encoding.ISO_8859_1 ( Basement/String/Encoding/ISO_8859_1.hs, dist/dist-sandbox-8f438e40/build/Basement/String/Encoding/ISO_8859_1.o )
[67 of 69] Compiling Basement.String  ( Basement/String.hs, dist/dist-sandbox-8f438e40/build/Basement/String.o )
[68 of 69] Compiling Basement.From    ( Basement/From.hs, dist/dist-sandbox-8f438e40/build/Basement/From.o )
[69 of 69] Compiling Basement.Imports ( Basement/Imports.hs, dist/dist-sandbox-8f438e40/build/Basement/Imports.o )
In-place registering basement-0.0.2...
Creating package registration file:
/tmp/pkgConf-basement-0.019399644432112255763.2
Installing library in
/home/boss/CODE/haskell/4400/chat/servantTUTO/servant-examples-0.4.4.7/.cabal-sandbox/lib/x86_64-linux-ghc-7.8.4/basement-0.0.2
Registering basement-0.0.2...
