[1 of 1] Compiling Main             ( /tmp/cabal-tmp-32534/comonad-5.0.2/dist/dist-sandbox-8f438e40/setup/setup.hs, /tmp/cabal-tmp-32534/comonad-5.0.2/dist/dist-sandbox-8f438e40/setup/Main.o )
Linking /tmp/cabal-tmp-32534/comonad-5.0.2/dist/dist-sandbox-8f438e40/setup/setup ...
Warning: comonad.cabal: Ignoring unknown section type: custom-setup
Configuring comonad-5.0.2...
Building comonad-5.0.2...
Preprocessing library comonad-5.0.2...
[ 1 of 15] Compiling Data.Functor.Composition ( src/Data/Functor/Composition.hs, dist/dist-sandbox-8f438e40/build/Data/Functor/Composition.o )
[ 2 of 15] Compiling Control.Comonad.Trans.Identity ( src/Control/Comonad/Trans/Identity.hs, dist/dist-sandbox-8f438e40/build/Control/Comonad/Trans/Identity.o )
[ 3 of 15] Compiling Control.Comonad  ( src/Control/Comonad.hs, dist/dist-sandbox-8f438e40/build/Control/Comonad.o )
[ 4 of 15] Compiling Control.Comonad.Trans.Class ( src/Control/Comonad/Trans/Class.hs, dist/dist-sandbox-8f438e40/build/Control/Comonad/Trans/Class.o )
[ 5 of 15] Compiling Control.Comonad.Hoist.Class ( src/Control/Comonad/Hoist/Class.hs, dist/dist-sandbox-8f438e40/build/Control/Comonad/Hoist/Class.o )
[ 6 of 15] Compiling Control.Comonad.Trans.Env ( src/Control/Comonad/Trans/Env.hs, dist/dist-sandbox-8f438e40/build/Control/Comonad/Trans/Env.o )
[ 7 of 15] Compiling Control.Comonad.Trans.Store ( src/Control/Comonad/Trans/Store.hs, dist/dist-sandbox-8f438e40/build/Control/Comonad/Trans/Store.o )
[ 8 of 15] Compiling Control.Comonad.Trans.Traced ( src/Control/Comonad/Trans/Traced.hs, dist/dist-sandbox-8f438e40/build/Control/Comonad/Trans/Traced.o )
[ 9 of 15] Compiling Control.Comonad.Env.Class ( src/Control/Comonad/Env/Class.hs, dist/dist-sandbox-8f438e40/build/Control/Comonad/Env/Class.o )
[10 of 15] Compiling Control.Comonad.Env ( src/Control/Comonad/Env.hs, dist/dist-sandbox-8f438e40/build/Control/Comonad/Env.o )
[11 of 15] Compiling Control.Comonad.Identity ( src/Control/Comonad/Identity.hs, dist/dist-sandbox-8f438e40/build/Control/Comonad/Identity.o )
[12 of 15] Compiling Control.Comonad.Store.Class ( src/Control/Comonad/Store/Class.hs, dist/dist-sandbox-8f438e40/build/Control/Comonad/Store/Class.o )
[13 of 15] Compiling Control.Comonad.Store ( src/Control/Comonad/Store.hs, dist/dist-sandbox-8f438e40/build/Control/Comonad/Store.o )
[14 of 15] Compiling Control.Comonad.Traced.Class ( src/Control/Comonad/Traced/Class.hs, dist/dist-sandbox-8f438e40/build/Control/Comonad/Traced/Class.o )
[15 of 15] Compiling Control.Comonad.Traced ( src/Control/Comonad/Traced.hs, dist/dist-sandbox-8f438e40/build/Control/Comonad/Traced.o )
In-place registering comonad-5.0.2...
Creating package registration file:
/tmp/pkgConf-comonad-5.0478034945471990783.2
Installing library in
/home/boss/CODE/haskell/4400/chat/servantTUTO/servant-examples-0.4.4.7/.cabal-sandbox/lib/x86_64-linux-ghc-7.8.4/comonad-5.0.2
Registering comonad-5.0.2...
