Configuring mmorph-1.1.0...
Building mmorph-1.1.0...
Preprocessing library mmorph-1.1.0...
[1 of 2] Compiling Control.Monad.Morph ( src/Control/Monad/Morph.hs, dist/dist-sandbox-8f438e40/build/Control/Monad/Morph.o )

src/Control/Monad/Morph.hs:76:1: Warning:
    Module ‘Control.Monad.Trans.Error’ is deprecated:
      Use Control.Monad.Trans.Except instead

src/Control/Monad/Morph.hs:112:20: Warning:
    In the use of type constructor or class ‘E.ErrorT’
    (imported from Control.Monad.Trans.Error):
    Deprecated: "Use Control.Monad.Trans.Except instead"

src/Control/Monad/Morph.hs:113:19: Warning:
    In the use of data constructor ‘E.ErrorT’
    (imported from Control.Monad.Trans.Error):
    Deprecated: "Use Control.Monad.Trans.Except instead"

src/Control/Monad/Morph.hs:113:34: Warning:
    In the use of ‘E.runErrorT’
    (imported from Control.Monad.Trans.Error):
    Deprecated: "Use Control.Monad.Trans.Except instead"

src/Control/Monad/Morph.hs:233:11: Warning:
    In the use of type constructor or class ‘E.Error’
    (imported from Control.Monad.Trans.Error):
    Deprecated: "Use Control.Monad.Trans.Except instead"

src/Control/Monad/Morph.hs:233:33: Warning:
    In the use of type constructor or class ‘E.ErrorT’
    (imported from Control.Monad.Trans.Error):
    Deprecated: "Use Control.Monad.Trans.Except instead"

src/Control/Monad/Morph.hs:234:17: Warning:
    In the use of data constructor ‘E.ErrorT’
    (imported from Control.Monad.Trans.Error):
    Deprecated: "Use Control.Monad.Trans.Except instead"

src/Control/Monad/Morph.hs:235:14: Warning:
    In the use of ‘E.runErrorT’
    (imported from Control.Monad.Trans.Error):
    Deprecated: "Use Control.Monad.Trans.Except instead"

src/Control/Monad/Morph.hs:235:30: Warning:
    In the use of ‘E.runErrorT’
    (imported from Control.Monad.Trans.Error):
    Deprecated: "Use Control.Monad.Trans.Except instead"
[2 of 2] Compiling Control.Monad.Trans.Compose ( src/Control/Monad/Trans/Compose.hs, dist/dist-sandbox-8f438e40/build/Control/Monad/Trans/Compose.o )
In-place registering mmorph-1.1.0...
Creating package registration file:
/tmp/pkgConf-mmorph-1.12114937732726371155.0
Installing library in
/home/boss/CODE/haskell/4400/chat/servantTUTO/servant-examples-0.4.4.7/.cabal-sandbox/lib/x86_64-linux-ghc-7.8.4/mmorph-1.1.0
Registering mmorph-1.1.0...
