Configuring primitive-0.6.2.0...
Building primitive-0.6.2.0...
Preprocessing library primitive-0.6.2.0...
[ 1 of 12] Compiling Data.Primitive.Internal.Compat ( Data/Primitive/Internal/Compat.hs, dist/dist-sandbox-8f438e40/build/Data/Primitive/Internal/Compat.o )
[ 2 of 12] Compiling Data.Primitive.MachDeps ( Data/Primitive/MachDeps.hs, dist/dist-sandbox-8f438e40/build/Data/Primitive/MachDeps.o )
[ 3 of 12] Compiling Data.Primitive.Internal.Operations ( Data/Primitive/Internal/Operations.hs, dist/dist-sandbox-8f438e40/build/Data/Primitive/Internal/Operations.o )
[ 4 of 12] Compiling Control.Monad.Primitive ( Control/Monad/Primitive.hs, dist/dist-sandbox-8f438e40/build/Control/Monad/Primitive.o )

Control/Monad/Primitive.hs:47:1: Warning:
    Module ‘Control.Monad.Trans.Error’ is deprecated:
      Use Control.Monad.Trans.Except instead

Control/Monad/Primitive.hs:109:11: Warning:
    In the use of type constructor or class ‘Error’
    (imported from Control.Monad.Trans.Error):
    Deprecated: "Use Control.Monad.Trans.Except instead"

Control/Monad/Primitive.hs:109:47: Warning:
    In the use of type constructor or class ‘ErrorT’
    (imported from Control.Monad.Trans.Error):
    Deprecated: "Use Control.Monad.Trans.Except instead"

Control/Monad/Primitive.hs:110:19: Warning:
    In the use of type constructor or class ‘ErrorT’
    (imported from Control.Monad.Trans.Error):
    Deprecated: "Use Control.Monad.Trans.Except instead"
[ 5 of 12] Compiling Data.Primitive.Types ( Data/Primitive/Types.hs, dist/dist-sandbox-8f438e40/build/Data/Primitive/Types.o )
[ 6 of 12] Compiling Data.Primitive.Array ( Data/Primitive/Array.hs, dist/dist-sandbox-8f438e40/build/Data/Primitive/Array.o )
[ 7 of 12] Compiling Data.Primitive.ByteArray ( Data/Primitive/ByteArray.hs, dist/dist-sandbox-8f438e40/build/Data/Primitive/ByteArray.o )
[ 8 of 12] Compiling Data.Primitive.Addr ( Data/Primitive/Addr.hs, dist/dist-sandbox-8f438e40/build/Data/Primitive/Addr.o )
[ 9 of 12] Compiling Data.Primitive   ( Data/Primitive.hs, dist/dist-sandbox-8f438e40/build/Data/Primitive.o )
[10 of 12] Compiling Data.Primitive.SmallArray ( Data/Primitive/SmallArray.hs, dist/dist-sandbox-8f438e40/build/Data/Primitive/SmallArray.o )

Data/Primitive/SmallArray.hs:72:1: Warning:
    The import of ‘Control.Monad.ST’ is redundant
      except perhaps to import instances from ‘Control.Monad.ST’
    To import instances alone, use: import Control.Monad.ST()

Data/Primitive/SmallArray.hs:78:1: Warning:
    The import of ‘Data.Functor.Identity’ is redundant
      except perhaps to import instances from ‘Data.Functor.Identity’
    To import instances alone, use: import Data.Functor.Identity()

Data/Primitive/SmallArray.hs:80:1: Warning:
    The import of ‘Text.ParserCombinators.ReadPrec’ is redundant
      except perhaps to import instances from ‘Text.ParserCombinators.ReadPrec’
    To import instances alone, use: import Text.ParserCombinators.ReadPrec()

Data/Primitive/SmallArray.hs:81:1: Warning:
    The import of ‘Text.Read’ is redundant
      except perhaps to import instances from ‘Text.Read’
    To import instances alone, use: import Text.Read()

Data/Primitive/SmallArray.hs:82:1: Warning:
    The import of ‘Text.Read.Lex’ is redundant
      except perhaps to import instances from ‘Text.Read.Lex’
    To import instances alone, use: import Text.Read.Lex()
[11 of 12] Compiling Data.Primitive.MutVar ( Data/Primitive/MutVar.hs, dist/dist-sandbox-8f438e40/build/Data/Primitive/MutVar.o )
[12 of 12] Compiling Data.Primitive.UnliftedArray ( Data/Primitive/UnliftedArray.hs, dist/dist-sandbox-8f438e40/build/Data/Primitive/UnliftedArray.o )
In-place registering primitive-0.6.2.0...
Creating package registration file:
/tmp/pkgConf-primitive-0.6.217998782061555319301.0
Installing library in
/home/boss/CODE/haskell/4400/chat/servantTUTO/servant-examples-0.4.4.7/.cabal-sandbox/lib/x86_64-linux-ghc-7.8.4/primitive-0.6.2.0
Registering primitive-0.6.2.0...
