Configuring resourcet-1.1.9...
Building resourcet-1.1.9...
Preprocessing library resourcet-1.1.9...
[1 of 4] Compiling Data.Acquire.Internal ( Data/Acquire/Internal.hs, dist/dist-sandbox-8f438e40/build/Data/Acquire/Internal.o )
[2 of 4] Compiling Control.Monad.Trans.Resource.Internal ( Control/Monad/Trans/Resource/Internal.hs, dist/dist-sandbox-8f438e40/build/Control/Monad/Trans/Resource/Internal.o )

Control/Monad/Trans/Resource/Internal.hs:50:1: Warning:
    Module ‘Control.Monad.Trans.Error’ is deprecated:
      Use Control.Monad.Trans.Except instead

Control/Monad/Trans/Resource/Internal.hs:77:1: Warning:
    Module ‘Prelude’ does not export ‘catch’

Control/Monad/Trans/Resource/Internal.hs:297:11: Warning:
    In the use of type constructor or class ‘Error’
    (imported from Control.Monad.Trans.Error):
    Deprecated: "Use Control.Monad.Trans.Except instead"

Control/Monad/Trans/Resource/Internal.hs:297:56: Warning:
    In the use of type constructor or class ‘ErrorT’
    (imported from Control.Monad.Trans.Error):
    Deprecated: "Use Control.Monad.Trans.Except instead"
[3 of 4] Compiling Control.Monad.Trans.Resource ( Control/Monad/Trans/Resource.hs, dist/dist-sandbox-8f438e40/build/Control/Monad/Trans/Resource.o )

Control/Monad/Trans/Resource.hs:55:7: Warning:
    The export item ‘ExceptionT(..)’ suggests that
    ‘ExceptionT’ has (in-scope) constructors or class methods,
    but it has none

Control/Monad/Trans/Resource.hs:65:1: Warning:
    The import of ‘throw’ from module ‘Control.Exception’ is redundant

Control/Monad/Trans/Resource.hs:74:1: Warning:
    The import of ‘Data.Monoid’ is redundant
      except perhaps to import instances from ‘Data.Monoid’
    To import instances alone, use: import Data.Monoid()

Control/Monad/Trans/Resource.hs:207:1: Warning:
    Defined but not used: ‘finally’
[4 of 4] Compiling Data.Acquire     ( Data/Acquire.hs, dist/dist-sandbox-8f438e40/build/Data/Acquire.o )

Data/Acquire.hs:16:1: Warning:
    The import of ‘Control.Monad.Trans.Resource’ is redundant
      except perhaps to import instances from ‘Control.Monad.Trans.Resource’
    To import instances alone, use: import Control.Monad.Trans.Resource()

Data/Acquire.hs:18:1: Warning:
    The import of ‘Control.Applicative’ is redundant
      except perhaps to import instances from ‘Control.Applicative’
    To import instances alone, use: import Control.Applicative()

Data/Acquire.hs:19:1: Warning:
    The import of ‘Control.Monad.Base’ is redundant
      except perhaps to import instances from ‘Control.Monad.Base’
    To import instances alone, use: import Control.Monad.Base()

Data/Acquire.hs:21:1: Warning:
    The import of ‘Control.Monad.Trans.Control’ is redundant
      except perhaps to import instances from ‘Control.Monad.Trans.Control’
    To import instances alone, use: import Control.Monad.Trans.Control()

Data/Acquire.hs:23:1: Warning:
    The import of ‘Data.Typeable’ is redundant
      except perhaps to import instances from ‘Data.Typeable’
    To import instances alone, use: import Data.Typeable()

Data/Acquire.hs:24:1: Warning:
    The import of ‘Control.Monad’ is redundant
      except perhaps to import instances from ‘Control.Monad’
    To import instances alone, use: import Control.Monad()
In-place registering resourcet-1.1.9...
Creating package registration file:
/tmp/pkgConf-resourcet-1.111445225351812282134.9
Installing library in
/home/boss/CODE/haskell/4400/chat/servantTUTO/servant-examples-0.4.4.7/.cabal-sandbox/lib/x86_64-linux-ghc-7.8.4/resourcet-1.1.9
Registering resourcet-1.1.9...
