[1 of 1] Compiling Main             ( /tmp/cabal-tmp-32534/semigroupoids-5.2.1/dist/dist-sandbox-8f438e40/setup/setup.hs, /tmp/cabal-tmp-32534/semigroupoids-5.2.1/dist/dist-sandbox-8f438e40/setup/Main.o )
Linking /tmp/cabal-tmp-32534/semigroupoids-5.2.1/dist/dist-sandbox-8f438e40/setup/setup ...
Warning: semigroupoids.cabal: Ignoring unknown section type: custom-setup
Configuring semigroupoids-5.2.1...
Building semigroupoids-5.2.1...
Preprocessing library semigroupoids-5.2.1...
[ 1 of 21] Compiling Data.Traversable.Instances ( src/Data/Traversable/Instances.hs, dist/dist-sandbox-8f438e40/build/Data/Traversable/Instances.o )
[ 2 of 21] Compiling Data.Semigroup.Foldable.Class ( src/Data/Semigroup/Foldable/Class.hs, dist/dist-sandbox-8f438e40/build/Data/Semigroup/Foldable/Class.o )
[ 3 of 21] Compiling Data.Functor.Extend ( src/Data/Functor/Extend.hs, dist/dist-sandbox-8f438e40/build/Data/Functor/Extend.o )
[ 4 of 21] Compiling Data.Functor.Bind.Class ( src/Data/Functor/Bind/Class.hs, dist/dist-sandbox-8f438e40/build/Data/Functor/Bind/Class.o )
[ 5 of 21] Compiling Data.Functor.Apply ( src/Data/Functor/Apply.hs, dist/dist-sandbox-8f438e40/build/Data/Functor/Apply.o )
[ 6 of 21] Compiling Data.Semigroup.Bifoldable ( src/Data/Semigroup/Bifoldable.hs, dist/dist-sandbox-8f438e40/build/Data/Semigroup/Bifoldable.o )
[ 7 of 21] Compiling Data.Functor.Bind ( src/Data/Functor/Bind.hs, dist/dist-sandbox-8f438e40/build/Data/Functor/Bind.o )
[ 8 of 21] Compiling Data.Functor.Alt ( src/Data/Functor/Alt.hs, dist/dist-sandbox-8f438e40/build/Data/Functor/Alt.o )
[ 9 of 21] Compiling Data.Semigroup.Foldable ( src/Data/Semigroup/Foldable.hs, dist/dist-sandbox-8f438e40/build/Data/Semigroup/Foldable.o )
[10 of 21] Compiling Data.Semigroup.Traversable.Class ( src/Data/Semigroup/Traversable/Class.hs, dist/dist-sandbox-8f438e40/build/Data/Semigroup/Traversable/Class.o )
[11 of 21] Compiling Data.Semigroup.Bitraversable ( src/Data/Semigroup/Bitraversable.hs, dist/dist-sandbox-8f438e40/build/Data/Semigroup/Bitraversable.o )
[12 of 21] Compiling Data.Semigroup.Traversable ( src/Data/Semigroup/Traversable.hs, dist/dist-sandbox-8f438e40/build/Data/Semigroup/Traversable.o )
[13 of 21] Compiling Data.Functor.Bind.Trans ( src/Data/Functor/Bind/Trans.hs, dist/dist-sandbox-8f438e40/build/Data/Functor/Bind/Trans.o )
[14 of 21] Compiling Data.Functor.Plus ( src/Data/Functor/Plus.hs, dist/dist-sandbox-8f438e40/build/Data/Functor/Plus.o )
[15 of 21] Compiling Data.Semigroupoid ( src/Data/Semigroupoid.hs, dist/dist-sandbox-8f438e40/build/Data/Semigroupoid.o )
[16 of 21] Compiling Data.Semigroupoid.Dual ( src/Data/Semigroupoid/Dual.hs, dist/dist-sandbox-8f438e40/build/Data/Semigroupoid/Dual.o )
[17 of 21] Compiling Data.Groupoid    ( src/Data/Groupoid.hs, dist/dist-sandbox-8f438e40/build/Data/Groupoid.o )
[18 of 21] Compiling Data.Isomorphism ( src/Data/Isomorphism.hs, dist/dist-sandbox-8f438e40/build/Data/Isomorphism.o )
[19 of 21] Compiling Data.Semigroupoid.Static ( src/Data/Semigroupoid/Static.hs, dist/dist-sandbox-8f438e40/build/Data/Semigroupoid/Static.o )
[20 of 21] Compiling Data.Semigroupoid.Ob ( src/Data/Semigroupoid/Ob.hs, dist/dist-sandbox-8f438e40/build/Data/Semigroupoid/Ob.o )
[21 of 21] Compiling Data.Bifunctor.Apply ( src/Data/Bifunctor/Apply.hs, dist/dist-sandbox-8f438e40/build/Data/Bifunctor/Apply.o )
In-place registering semigroupoids-5.2.1...
Creating package registration file:
/tmp/pkgConf-semigroupoids-5.21943003493553160358.1
Installing library in
/home/boss/CODE/haskell/4400/chat/servantTUTO/servant-examples-0.4.4.7/.cabal-sandbox/lib/x86_64-linux-ghc-7.8.4/semigroupoids-5.2.1
Registering semigroupoids-5.2.1...
