Configuring servant-0.4.4.7...
Building servant-0.4.4.7...
Preprocessing library servant-0.4.4.7...
[ 1 of 18] Compiling Servant.Common.Text ( src/Servant/Common/Text.hs, dist/dist-sandbox-8f438e40/build/Servant/Common/Text.o )
[ 2 of 18] Compiling Servant.API.Raw  ( src/Servant/API/Raw.hs, dist/dist-sandbox-8f438e40/build/Servant/API/Raw.o )
[ 3 of 18] Compiling Servant.API.ContentTypes ( src/Servant/API/ContentTypes.hs, dist/dist-sandbox-8f438e40/build/Servant/API/ContentTypes.o )
[ 4 of 18] Compiling Servant.API.Patch ( src/Servant/API/Patch.hs, dist/dist-sandbox-8f438e40/build/Servant/API/Patch.o )
[ 5 of 18] Compiling Servant.API.Put  ( src/Servant/API/Put.hs, dist/dist-sandbox-8f438e40/build/Servant/API/Put.o )
[ 6 of 18] Compiling Servant.API.Delete ( src/Servant/API/Delete.hs, dist/dist-sandbox-8f438e40/build/Servant/API/Delete.o )
[ 7 of 18] Compiling Servant.API.Post ( src/Servant/API/Post.hs, dist/dist-sandbox-8f438e40/build/Servant/API/Post.o )
[ 8 of 18] Compiling Servant.API.Get  ( src/Servant/API/Get.hs, dist/dist-sandbox-8f438e40/build/Servant/API/Get.o )
[ 9 of 18] Compiling Servant.API.MatrixParam ( src/Servant/API/MatrixParam.hs, dist/dist-sandbox-8f438e40/build/Servant/API/MatrixParam.o )
[10 of 18] Compiling Servant.API.ReqBody ( src/Servant/API/ReqBody.hs, dist/dist-sandbox-8f438e40/build/Servant/API/ReqBody.o )
[11 of 18] Compiling Servant.API.QueryParam ( src/Servant/API/QueryParam.hs, dist/dist-sandbox-8f438e40/build/Servant/API/QueryParam.o )
[12 of 18] Compiling Servant.API.Header ( src/Servant/API/Header.hs, dist/dist-sandbox-8f438e40/build/Servant/API/Header.o )
[13 of 18] Compiling Servant.API.ResponseHeaders ( src/Servant/API/ResponseHeaders.hs, dist/dist-sandbox-8f438e40/build/Servant/API/ResponseHeaders.o )
[14 of 18] Compiling Servant.API.Capture ( src/Servant/API/Capture.hs, dist/dist-sandbox-8f438e40/build/Servant/API/Capture.o )
[15 of 18] Compiling Servant.API.Alternative ( src/Servant/API/Alternative.hs, dist/dist-sandbox-8f438e40/build/Servant/API/Alternative.o )
[16 of 18] Compiling Servant.API.Sub  ( src/Servant/API/Sub.hs, dist/dist-sandbox-8f438e40/build/Servant/API/Sub.o )
[17 of 18] Compiling Servant.Utils.Links ( src/Servant/Utils/Links.hs, dist/dist-sandbox-8f438e40/build/Servant/Utils/Links.o )
[18 of 18] Compiling Servant.API      ( src/Servant/API.hs, dist/dist-sandbox-8f438e40/build/Servant/API.o )
In-place registering servant-0.4.4.7...
Creating package registration file:
/tmp/pkgConf-servant-0.4.4272020127488663950.7
Installing library in
/home/boss/CODE/haskell/4400/chat/servantTUTO/servant-examples-0.4.4.7/.cabal-sandbox/lib/x86_64-linux-ghc-7.8.4/servant-0.4.4.7
Registering servant-0.4.4.7...
